<?xml version="1.0" encoding="UTF-8"?>
<beans xmlns:xsi="http://www.w3.org/2001/XMLSchema-instance"
       xmlns="http://www.springframework.org/schema/beans"
       xmlns:context="http://www.springframework.org/schema/context" xmlns:p="http://www.springframework.org/schema/p"
       xmlns:mvc="http://www.springframework.org/schema/mvc"
       xsi:schemaLocation="http://www.springframework.org/schema/beans
       http://www.springframework.org/schema/beans/spring-beans.xsd
       http://www.springframework.org/schema/context
       http://www.springframework.org/schema/context/spring-context.xsd http://www.springframework.org/schema/mvc http://www.springframework.org/schema/mvc/spring-mvc.xsd">

        <bean id="departmentService" class="org.mockito.Mockito" factory-method="mock">
            <constructor-arg value="com.epam.brest.course.service.DepartmentService"/>
        </bean>

        <bean id="employeeService" class="org.mockito.Mockito" factory-method="mock">
            <constructor-arg value="com.epam.brest.course.service.EmployeeService"/>
        </bean>

    <context:component-scan base-package="com.epam.brest.course.controllers.web_app"/>

</beans>