<?xml version="1.0" encoding="UTF-8"?>
<beans xmlns:xsi="http://www.w3.org/2001/XMLSchema-instance"
       xmlns="http://www.springframework.org/schema/beans"
       xsi:schemaLocation="http://www.springframework.org/schema/beans
       http://www.springframework.org/schema/beans/spring-beans.xsd">

    <import resource="test-db-spring.xml"/>

    <bean id="departmentDao" class="com.epam.brest.course.dao.DepartmentDaoImpl">
        <constructor-arg ref="dataSource"/>
    </bean>

</beans>